<?xml version="1.0" encoding="UTF-8"?>
<testsuite xmlns:xsi="http://www.w3.org/2001/XMLSchema-instance" xsi:noNamespaceSchemaLocation="https://maven.apache.org/surefire/maven-surefire-plugin/xsd/surefire-test-report-3.0.xsd" version="3.0" name="dk.dtu.SimulationTest" time="0.37" tests="4" errors="0" skipped="0" failures="0">
  <properties>
[...]
</properties>
  <testcase name="testStockRequestSuccess" classname="dk.dtu.SimulationTest" time="0.253">
    <system-out><![CDATA[[Store2] -> SEND:  request(Oranges, 15, Restocking, 5d83).
[Store2] <- GET: response(Store2, Oranges, Approved, 5d83)
[Store2] -> SEND:  request(Oranges, 10, Requesting, 9024).
[Store2] <- GET: response(Store2, Oranges, Approved, 9024)
]]></system-out>
  </testcase>
  <testcase name="testInvalidRequest" classname="dk.dtu.SimulationTest" time="0.017">
    <system-out><![CDATA[[Store4] -> SEND:  request(Apples, 100, Requesting, 5c50).
[Store4] <- GET: response(Store4, Apples, Denied, 5c50)
]]></system-out>
  </testcase>
  <testcase name="testStockRequestFailure" classname="dk.dtu.SimulationTest" time="0.025">
    <system-out><![CDATA[[Store3] -> SEND:  request(Bananas, 5, Requesting, c267).
[Store3] <- GET: response(Store3, Bananas, Denied, c267)
]]></system-out>
  </testcase>
  <testcase name="testRestockingRequest" classname="dk.dtu.SimulationTest" time="0.021">
    <system-out><![CDATA[[Store1] -> SEND:  request(Apples, 10, Restocking, dff6).
[Store1] <- GET: response(Store1, Apples, Approved, dff6)
]]></system-out>
  </testcase>
</testsuite>