<?xml version="1.0" encoding="UTF-8"?>
<testsuite xmlns:xsi="http://www.w3.org/2001/XMLSchema-instance" xsi:noNamespaceSchemaLocation="https://maven.apache.org/surefire/maven-surefire-plugin/xsd/surefire-test-report-3.0.xsd" version="3.0" name="dk.dtu.SystemFunctionalityTest" time="0.46" tests="4" errors="0" skipped="0" failures="0">
  <properties>
[...]
</properties>
  <testcase name="testStockRequestSuccess" classname="dk.dtu.SystemFunctionalityTest" time="0.294">
    <system-out><![CDATA[[Store2] -> SEND:  request(Oranges, 15, Restocking, 873d).
[Store2] <- GET: response(Store2, Oranges, Approved, 873d)
[Store2] -> SEND:  request(Oranges, 10, Requesting, 9546).
[Store2] <- GET: response(Store2, Oranges, Approved, 9546)
]]></system-out>
  </testcase>
  <testcase name="testInvalidRequest" classname="dk.dtu.SystemFunctionalityTest" time="0.023">
    <system-out><![CDATA[[Store4] -> SEND:  request(Apples, 100, Requesting, fd17).
[Store4] <- GET: response(Store4, Apples, Denied, fd17)
]]></system-out>
  </testcase>
  <testcase name="testStockRequestFailure" classname="dk.dtu.SystemFunctionalityTest" time="0.043">
    <system-out><![CDATA[[Store3] -> SEND:  request(Bananas, 5, Requesting, d84e).
[Store3] <- GET: response(Store3, Bananas, Denied, d84e)
]]></system-out>
  </testcase>
  <testcase name="testRestockingRequest" classname="dk.dtu.SystemFunctionalityTest" time="0.008">
    <system-out><![CDATA[[Store1] -> SEND:  request(Apples, 10, Restocking, 8fe1).
[Store1] <- GET: response(Store1, Apples, Approved, 8fe1)
]]></system-out>
  </testcase>
</testsuite>