<?xml version="1.0" encoding="UTF-8"?>
<testsuite xmlns:xsi="http://www.w3.org/2001/XMLSchema-instance" xsi:noNamespaceSchemaLocation="https://maven.apache.org/surefire/maven-surefire-plugin/xsd/surefire-test-report-3.0.xsd" version="3.0" name="dk.dtu.StoreTest" time="0.578" tests="7" errors="0" skipped="0" failures="7">
  <properties>
    <property name="java.specification.version" value="21"/>
    <property name="sun.cpu.isalist" value="amd64"/>
    <property name="sun.jnu.encoding" value="Cp1252"/>
    <property name="java.class.path" value="C:\Users\rezaj\Desktop\coordination course\StockCoordinatorSystem\target\test-classes;C:\Users\rezaj\Desktop\coordination course\StockCoordinatorSystem\target\classes;C:\Users\rezaj\.m2\repository\junit\junit\4.11\junit-4.11.jar;C:\Users\rezaj\.m2\repository\org\hamcrest\hamcrest-core\1.3\hamcrest-core-1.3.jar;C:\Users\rezaj\.m2\repository\io\github\pspaces\jspace\common\1.0-SNAPSHOT\common-1.0-SNAPSHOT.jar;C:\Users\rezaj\.m2\repository\com\google\code\gson\gson\2.8.0\gson-2.8.0.jar;C:\Users\rezaj\.m2\repository\org\apache\commons\commons-text\1.1\commons-text-1.1.jar;C:\Users\rezaj\.m2\repository\org\apache\commons\commons-lang3\3.5\commons-lang3-3.5.jar;C:\Users\rezaj\.m2\repository\org\openjfx\javafx-controls\21\javafx-controls-21.jar;C:\Users\rezaj\.m2\repository\org\openjfx\javafx-controls\21\javafx-controls-21-win.jar;C:\Users\rezaj\.m2\repository\org\openjfx\javafx-graphics\21\javafx-graphics-21.jar;C:\Users\rezaj\.m2\repository\org\openjfx\javafx-graphics\21\javafx-graphics-21-win.jar;C:\Users\rezaj\.m2\repository\org\openjfx\javafx-base\21\javafx-base-21.jar;C:\Users\rezaj\.m2\repository\org\openjfx\javafx-base\21\javafx-base-21-win.jar;C:\Users\rezaj\.m2\repository\org\openjfx\javafx-fxml\21\javafx-fxml-21.jar;C:\Users\rezaj\.m2\repository\org\openjfx\javafx-fxml\21\javafx-fxml-21-win.jar;"/>
    <property name="java.vm.vendor" value="Eclipse Adoptium"/>
    <property name="sun.arch.data.model" value="64"/>
    <property name="user.variant" value=""/>
    <property name="java.vendor.url" value="https://adoptium.net/"/>
    <property name="user.timezone" value="Europe/Copenhagen"/>
    <property name="os.name" value="Windows 11"/>
    <property name="java.vm.specification.version" value="21"/>
    <property name="sun.java.launcher" value="SUN_STANDARD"/>
    <property name="user.country" value="US"/>
    <property name="sun.boot.library.path" value="C:\Program Files\Eclipse Adoptium\jdk-21.0.4.7-hotspot\bin"/>
    <property name="sun.java.command" value="C:\Users\rezaj\AppData\Local\Temp\surefire237446491305561543\surefirebooter-20250121130420027_3.jar C:\Users\rezaj\AppData\Local\Temp\surefire237446491305561543 2025-01-21T13-04-19_871-jvmRun1 surefire-20250121130420027_1tmp surefire_0-20250121130420027_2tmp"/>
    <property name="jdk.debug" value="release"/>
    <property name="surefire.test.class.path" value="C:\Users\rezaj\Desktop\coordination course\StockCoordinatorSystem\target\test-classes;C:\Users\rezaj\Desktop\coordination course\StockCoordinatorSystem\target\classes;C:\Users\rezaj\.m2\repository\junit\junit\4.11\junit-4.11.jar;C:\Users\rezaj\.m2\repository\org\hamcrest\hamcrest-core\1.3\hamcrest-core-1.3.jar;C:\Users\rezaj\.m2\repository\io\github\pspaces\jspace\common\1.0-SNAPSHOT\common-1.0-SNAPSHOT.jar;C:\Users\rezaj\.m2\repository\com\google\code\gson\gson\2.8.0\gson-2.8.0.jar;C:\Users\rezaj\.m2\repository\org\apache\commons\commons-text\1.1\commons-text-1.1.jar;C:\Users\rezaj\.m2\repository\org\apache\commons\commons-lang3\3.5\commons-lang3-3.5.jar;C:\Users\rezaj\.m2\repository\org\openjfx\javafx-controls\21\javafx-controls-21.jar;C:\Users\rezaj\.m2\repository\org\openjfx\javafx-controls\21\javafx-controls-21-win.jar;C:\Users\rezaj\.m2\repository\org\openjfx\javafx-graphics\21\javafx-graphics-21.jar;C:\Users\rezaj\.m2\repository\org\openjfx\javafx-graphics\21\javafx-graphics-21-win.jar;C:\Users\rezaj\.m2\repository\org\openjfx\javafx-base\21\javafx-base-21.jar;C:\Users\rezaj\.m2\repository\org\openjfx\javafx-base\21\javafx-base-21-win.jar;C:\Users\rezaj\.m2\repository\org\openjfx\javafx-fxml\21\javafx-fxml-21.jar;C:\Users\rezaj\.m2\repository\org\openjfx\javafx-fxml\21\javafx-fxml-21-win.jar;"/>
    <property name="sun.cpu.endian" value="little"/>
    <property name="user.home" value="C:\Users\rezaj"/>
    <property name="user.language" value="en"/>
    <property name="java.specification.vendor" value="Oracle Corporation"/>
    <property name="java.version.date" value="2024-07-16"/>
    <property name="java.home" value="C:\Program Files\Eclipse Adoptium\jdk-21.0.4.7-hotspot"/>
    <property name="file.separator" value="\"/>
    <property name="basedir" value="C:\Users\rezaj\Desktop\coordination course\StockCoordinatorSystem"/>
    <property name="java.vm.compressedOopsMode" value="32-bit"/>
    <property name="line.separator" value="&#10;"/>
    <property name="java.vm.specification.vendor" value="Oracle Corporation"/>
    <property name="java.specification.name" value="Java Platform API Specification"/>
    <property name="surefire.real.class.path" value="C:\Users\rezaj\AppData\Local\Temp\surefire237446491305561543\surefirebooter-20250121130420027_3.jar"/>
    <property name="user.script" value=""/>
    <property name="sun.management.compiler" value="HotSpot 64-Bit Tiered Compilers"/>
    <property name="java.runtime.version" value="21.0.4+7-LTS"/>
    <property name="user.name" value="rezaj"/>
    <property name="stdout.encoding" value="Cp1252"/>
    <property name="path.separator" value=";"/>
    <property name="os.version" value="10.0"/>
    <property name="java.runtime.name" value="OpenJDK Runtime Environment"/>
    <property name="file.encoding" value="UTF-8"/>
    <property name="java.vm.name" value="OpenJDK 64-Bit Server VM"/>
    <property name="java.vendor.version" value="Temurin-21.0.4+7"/>
    <property name="localRepository" value="C:\Users\rezaj\.m2\repository"/>
    <property name="java.vendor.url.bug" value="https://github.com/adoptium/adoptium-support/issues"/>
    <property name="java.io.tmpdir" value="C:\Users\rezaj\AppData\Local\Temp\"/>
    <property name="java.version" value="21.0.4"/>
    <property name="user.dir" value="C:\Users\rezaj\Desktop\coordination course\StockCoordinatorSystem"/>
    <property name="os.arch" value="amd64"/>
    <property name="java.vm.specification.name" value="Java Virtual Machine Specification"/>
    <property name="sun.os.patch.level" value=""/>
    <property name="native.encoding" value="Cp1252"/>
    <property name="java.library.path" value="C:\Program Files\Eclipse Adoptium\jdk-21.0.4.7-hotspot\bin;C:\WINDOWS\Sun\Java\bin;C:\WINDOWS\system32;C:\WINDOWS;C:\Users\rezaj\anaconda3;C:\Users\rezaj\anaconda3\Library\mingw-w64\bin;C:\Users\rezaj\anaconda3\Library\usr\bin;C:\Users\rezaj\anaconda3\Library\bin;C:\Users\rezaj\anaconda3\Scripts;C:\Users\rezaj\anaconda3\bin;C:\Users\rezaj\anaconda3\condabin;C:\Program Files\Common Files\Oracle\Java\javapath;C:\Program Files\Eclipse Adoptium\jdk-21.0.4.7-hotspot\bin;C:\WINDOWS\system32;C:\WINDOWS;C:\WINDOWS\System32\Wbem;C:\WINDOWS\System32\WindowsPowerShell\v1.0;C:\WINDOWS\System32\OpenSSH;C:\Program Files\Microsoft SQL Server\150\Tools\Binn;C:\Program Files (x86)\Microsoft SQL Server\160\DTS\Binn;C:\Program Files\Azure Data Studio\bin;C:\Program Files\Microsoft SQL Server\Client SDK\ODBC\170\Tools\Binn;C:\Program Files\dotnet;C:\Program Files\MiKTeX\miktex\bin\x64;C:\Users\rezaj\anaconda3;C:\Users\rezaj\anaconda3\Scripts;C:\Users\rezaj\anaconda3\Library\lib;C:\Program Files\nodejs;C:\ProgramData\chocolatey\bin;C:\Program Files\Git\cmd;C:\Program Files\maven\bin;C:\jSpace-master;C:\Users\rezaj\AppData\Local\Microsoft\WindowsApps;C:\Users\rezaj\.dotnet\tools;.;C:\Program Files\Azure Data Studio\bin;C:\Users\rezaj\AppData\Local\Programs\Microsoft VS Code\bin;C:\Users\rezaj\AppData\Local\Microsoft\WinGet\Links;C:\Users\rezaj\AppData\Roaming\npm;C:\Program Files\JetBrains\IntelliJ IDEA 2024.2.3\bin;.;."/>
    <property name="java.vm.info" value="mixed mode, sharing"/>
    <property name="stderr.encoding" value="Cp1252"/>
    <property name="java.vendor" value="Eclipse Adoptium"/>
    <property name="java.vm.version" value="21.0.4+7-LTS"/>
    <property name="sun.io.unicode.encoding" value="UnicodeLittle"/>
    <property name="java.class.version" value="65.0"/>
  </properties>
  <testcase name="testRequestingMoreThanAvailableStock" classname="dk.dtu.StoreTest" time="0.354">
    <failure message="Expected denial for Requesting more than available stock of Apples, but got: Denied" type="java.lang.AssertionError"><![CDATA[java.lang.AssertionError: Expected denial for Requesting more than available stock of Apples, but got: Denied
	at org.junit.Assert.fail(Assert.java:88)
	at org.junit.Assert.assertTrue(Assert.java:41)
	at dk.dtu.StoreTest.testRequestingMoreThanAvailableStock(StoreTest.java:43)
	at java.base/jdk.internal.reflect.DirectMethodHandleAccessor.invoke(DirectMethodHandleAccessor.java:103)
	at java.base/java.lang.reflect.Method.invoke(Method.java:580)
	at org.junit.runners.model.FrameworkMethod$1.runReflectiveCall(FrameworkMethod.java:47)
	at org.junit.internal.runners.model.ReflectiveCallable.run(ReflectiveCallable.java:12)
	at org.junit.runners.model.FrameworkMethod.invokeExplosively(FrameworkMethod.java:44)
	at org.junit.internal.runners.statements.InvokeMethod.evaluate(InvokeMethod.java:17)
	at org.junit.internal.runners.statements.RunBefores.evaluate(RunBefores.java:26)
	at org.junit.runners.ParentRunner.runLeaf(ParentRunner.java:271)
	at org.junit.runners.BlockJUnit4ClassRunner.runChild(BlockJUnit4ClassRunner.java:70)
	at org.junit.runners.BlockJUnit4ClassRunner.runChild(BlockJUnit4ClassRunner.java:50)
	at org.junit.runners.ParentRunner$3.run(ParentRunner.java:238)
	at org.junit.runners.ParentRunner$1.schedule(ParentRunner.java:63)
	at org.junit.runners.ParentRunner.runChildren(ParentRunner.java:236)
	at org.junit.runners.ParentRunner.access$000(ParentRunner.java:53)
	at org.junit.runners.ParentRunner$2.evaluate(ParentRunner.java:229)
	at org.junit.runners.ParentRunner.run(ParentRunner.java:309)
	at org.apache.maven.surefire.junit4.JUnit4Provider.execute(JUnit4Provider.java:316)
	at org.apache.maven.surefire.junit4.JUnit4Provider.executeWithRerun(JUnit4Provider.java:240)
	at org.apache.maven.surefire.junit4.JUnit4Provider.executeTestSet(JUnit4Provider.java:214)
	at org.apache.maven.surefire.junit4.JUnit4Provider.invoke(JUnit4Provider.java:155)
	at org.apache.maven.surefire.booter.ForkedBooter.runSuitesInProcess(ForkedBooter.java:385)
	at org.apache.maven.surefire.booter.ForkedBooter.execute(ForkedBooter.java:162)
	at org.apache.maven.surefire.booter.ForkedBooter.run(ForkedBooter.java:507)
	at org.apache.maven.surefire.booter.ForkedBooter.main(ForkedBooter.java:495)
]]></failure>
    <system-out><![CDATA[@[ProductSpace] Dummy data is intialized:
    #Store1, Apples, 10
    #Store1, Oranges, 10
    #Store2, Apples, 10
    #Store2, Oranges, 10
    #Store3, Apples, 10
    #Store3, Oranges, 10
[ResourceManager] Running...
[Store1] -> SEND:  request(Apples, 100, Requesting, 0cd8).
[ResourceManager][Thread-29] <- GET: request(Store1, Apples, 100, Requesting, 0cd8).
@[ResourceManager][Thread-29] start Requesting...
@[ResourceManager][Thread-29]Allocation Failed: Not enough Apples at Store1. (Requested: 100, Available: 10)
@[ResourceManager][Thread-29] Current ProductState (Store1, Apples, 10)
[ResourceManager][Thread-29] -> SEND: response(Store1, Apples, Denied, 0cd8)
[Store1] <- GET: response(Store1, Apples, Denied, 0cd8)
]]></system-out>
  </testcase>
  <testcase name="testRequestingNewProduct" classname="dk.dtu.StoreTest" time="0.032">
    <failure message="Expected approval for Requesting newly created product (Bananas), but got: Denied" type="java.lang.AssertionError"><![CDATA[java.lang.AssertionError: Expected approval for Requesting newly created product (Bananas), but got: Denied
	at org.junit.Assert.fail(Assert.java:88)
	at org.junit.Assert.assertTrue(Assert.java:41)
	at dk.dtu.StoreTest.testRequestingNewProduct(StoreTest.java:61)
	at java.base/jdk.internal.reflect.DirectMethodHandleAccessor.invoke(DirectMethodHandleAccessor.java:103)
	at java.base/java.lang.reflect.Method.invoke(Method.java:580)
	at org.junit.runners.model.FrameworkMethod$1.runReflectiveCall(FrameworkMethod.java:47)
	at org.junit.internal.runners.model.ReflectiveCallable.run(ReflectiveCallable.java:12)
	at org.junit.runners.model.FrameworkMethod.invokeExplosively(FrameworkMethod.java:44)
	at org.junit.internal.runners.statements.InvokeMethod.evaluate(InvokeMethod.java:17)
	at org.junit.internal.runners.statements.RunBefores.evaluate(RunBefores.java:26)
	at org.junit.runners.ParentRunner.runLeaf(ParentRunner.java:271)
	at org.junit.runners.BlockJUnit4ClassRunner.runChild(BlockJUnit4ClassRunner.java:70)
	at org.junit.runners.BlockJUnit4ClassRunner.runChild(BlockJUnit4ClassRunner.java:50)
	at org.junit.runners.ParentRunner$3.run(ParentRunner.java:238)
	at org.junit.runners.ParentRunner$1.schedule(ParentRunner.java:63)
	at org.junit.runners.ParentRunner.runChildren(ParentRunner.java:236)
	at org.junit.runners.ParentRunner.access$000(ParentRunner.java:53)
	at org.junit.runners.ParentRunner$2.evaluate(ParentRunner.java:229)
	at org.junit.runners.ParentRunner.run(ParentRunner.java:309)
	at org.apache.maven.surefire.junit4.JUnit4Provider.execute(JUnit4Provider.java:316)
	at org.apache.maven.surefire.junit4.JUnit4Provider.executeWithRerun(JUnit4Provider.java:240)
	at org.apache.maven.surefire.junit4.JUnit4Provider.executeTestSet(JUnit4Provider.java:214)
	at org.apache.maven.surefire.junit4.JUnit4Provider.invoke(JUnit4Provider.java:155)
	at org.apache.maven.surefire.booter.ForkedBooter.runSuitesInProcess(ForkedBooter.java:385)
	at org.apache.maven.surefire.booter.ForkedBooter.execute(ForkedBooter.java:162)
	at org.apache.maven.surefire.booter.ForkedBooter.run(ForkedBooter.java:507)
	at org.apache.maven.surefire.booter.ForkedBooter.main(ForkedBooter.java:495)
]]></failure>
    <system-out><![CDATA[[ResourceManager] Running...
[Store1] -> SEND:  request(Bananas, 5, Requesting, dca3).
[ResourceManager][Thread-35] <- GET: request(Store1, Bananas, 5, Requesting, dca3).
@[ResourceManager][Thread-35] start Requesting...
@[ResourceManager][Thread-35]Allocation Failed: Product Bananas does not exist at Store1
@[ResourceManager][Thread-35] Product (Store1, Bananas) does not exist in the product space.
[ResourceManager][Thread-35] -> SEND: response(Store1, Bananas, Denied, dca3)
[Store1] <- GET: response(Store1, Bananas, Denied, dca3)
]]></system-out>
  </testcase>
  <testcase name="testRequestingApples" classname="dk.dtu.StoreTest" time="0.02">
    <failure message="Expected approval for Requesting Apples, but got: Approved" type="java.lang.AssertionError"><![CDATA[java.lang.AssertionError: Expected approval for Requesting Apples, but got: Approved
	at org.junit.Assert.fail(Assert.java:88)
	at org.junit.Assert.assertTrue(Assert.java:41)
	at dk.dtu.StoreTest.testRequestingApples(StoreTest.java:31)
	at java.base/jdk.internal.reflect.DirectMethodHandleAccessor.invoke(DirectMethodHandleAccessor.java:103)
	at java.base/java.lang.reflect.Method.invoke(Method.java:580)
	at org.junit.runners.model.FrameworkMethod$1.runReflectiveCall(FrameworkMethod.java:47)
	at org.junit.internal.runners.model.ReflectiveCallable.run(ReflectiveCallable.java:12)
	at org.junit.runners.model.FrameworkMethod.invokeExplosively(FrameworkMethod.java:44)
	at org.junit.internal.runners.statements.InvokeMethod.evaluate(InvokeMethod.java:17)
	at org.junit.internal.runners.statements.RunBefores.evaluate(RunBefores.java:26)
	at org.junit.runners.ParentRunner.runLeaf(ParentRunner.java:271)
	at org.junit.runners.BlockJUnit4ClassRunner.runChild(BlockJUnit4ClassRunner.java:70)
	at org.junit.runners.BlockJUnit4ClassRunner.runChild(BlockJUnit4ClassRunner.java:50)
	at org.junit.runners.ParentRunner$3.run(ParentRunner.java:238)
	at org.junit.runners.ParentRunner$1.schedule(ParentRunner.java:63)
	at org.junit.runners.ParentRunner.runChildren(ParentRunner.java:236)
	at org.junit.runners.ParentRunner.access$000(ParentRunner.java:53)
	at org.junit.runners.ParentRunner$2.evaluate(ParentRunner.java:229)
	at org.junit.runners.ParentRunner.run(ParentRunner.java:309)
	at org.apache.maven.surefire.junit4.JUnit4Provider.execute(JUnit4Provider.java:316)
	at org.apache.maven.surefire.junit4.JUnit4Provider.executeWithRerun(JUnit4Provider.java:240)
	at org.apache.maven.surefire.junit4.JUnit4Provider.executeTestSet(JUnit4Provider.java:214)
	at org.apache.maven.surefire.junit4.JUnit4Provider.invoke(JUnit4Provider.java:155)
	at org.apache.maven.surefire.booter.ForkedBooter.runSuitesInProcess(ForkedBooter.java:385)
	at org.apache.maven.surefire.booter.ForkedBooter.execute(ForkedBooter.java:162)
	at org.apache.maven.surefire.booter.ForkedBooter.run(ForkedBooter.java:507)
	at org.apache.maven.surefire.booter.ForkedBooter.main(ForkedBooter.java:495)
]]></failure>
    <system-out><![CDATA[[ResourceManager] Running...
[Store1] -> SEND:  request(Apples, 5, Requesting, a1ff).
[ResourceManager][Thread-41] <- GET: request(Store1, Apples, 5, Requesting, a1ff).
@[ResourceManager][Thread-41] start Requesting...
@[ResourceManager][Thread-41]Allocation Succeed: (Store1, Apples, 5)
@[ResourceManager][Thread-41] Current ProductState (Store1, Apples, 5)
[ResourceManager][Thread-41] -> SEND: response(Store1, Apples, Approved, a1ff)
[Store1] <- GET: response(Store1, Apples, Approved, a1ff)
]]></system-out>
  </testcase>
  <testcase name="testRequestingNonExistentProduct" classname="dk.dtu.StoreTest" time="0.028">
    <failure message="Expected denial for Requesting Bananas, but got: Denied" type="java.lang.AssertionError"><![CDATA[java.lang.AssertionError: Expected denial for Requesting Bananas, but got: Denied
	at org.junit.Assert.fail(Assert.java:88)
	at org.junit.Assert.assertTrue(Assert.java:41)
	at dk.dtu.StoreTest.testRequestingNonExistentProduct(StoreTest.java:37)
	at java.base/jdk.internal.reflect.DirectMethodHandleAccessor.invoke(DirectMethodHandleAccessor.java:103)
	at java.base/java.lang.reflect.Method.invoke(Method.java:580)
	at org.junit.runners.model.FrameworkMethod$1.runReflectiveCall(FrameworkMethod.java:47)
	at org.junit.internal.runners.model.ReflectiveCallable.run(ReflectiveCallable.java:12)
	at org.junit.runners.model.FrameworkMethod.invokeExplosively(FrameworkMethod.java:44)
	at org.junit.internal.runners.statements.InvokeMethod.evaluate(InvokeMethod.java:17)
	at org.junit.internal.runners.statements.RunBefores.evaluate(RunBefores.java:26)
	at org.junit.runners.ParentRunner.runLeaf(ParentRunner.java:271)
	at org.junit.runners.BlockJUnit4ClassRunner.runChild(BlockJUnit4ClassRunner.java:70)
	at org.junit.runners.BlockJUnit4ClassRunner.runChild(BlockJUnit4ClassRunner.java:50)
	at org.junit.runners.ParentRunner$3.run(ParentRunner.java:238)
	at org.junit.runners.ParentRunner$1.schedule(ParentRunner.java:63)
	at org.junit.runners.ParentRunner.runChildren(ParentRunner.java:236)
	at org.junit.runners.ParentRunner.access$000(ParentRunner.java:53)
	at org.junit.runners.ParentRunner$2.evaluate(ParentRunner.java:229)
	at org.junit.runners.ParentRunner.run(ParentRunner.java:309)
	at org.apache.maven.surefire.junit4.JUnit4Provider.execute(JUnit4Provider.java:316)
	at org.apache.maven.surefire.junit4.JUnit4Provider.executeWithRerun(JUnit4Provider.java:240)
	at org.apache.maven.surefire.junit4.JUnit4Provider.executeTestSet(JUnit4Provider.java:214)
	at org.apache.maven.surefire.junit4.JUnit4Provider.invoke(JUnit4Provider.java:155)
	at org.apache.maven.surefire.booter.ForkedBooter.runSuitesInProcess(ForkedBooter.java:385)
	at org.apache.maven.surefire.booter.ForkedBooter.execute(ForkedBooter.java:162)
	at org.apache.maven.surefire.booter.ForkedBooter.run(ForkedBooter.java:507)
	at org.apache.maven.surefire.booter.ForkedBooter.main(ForkedBooter.java:495)
]]></failure>
    <system-out><![CDATA[[ResourceManager] Running...
[Store1] -> SEND:  request(Bananas, 5, Requesting, 70dd).
[ResourceManager][Thread-47] <- GET: request(Store1, Bananas, 5, Requesting, 70dd).
@[ResourceManager][Thread-47] start Requesting...
@[ResourceManager][Thread-47]Allocation Failed: Product Bananas does not exist at Store1
@[ResourceManager][Thread-47] Product (Store1, Bananas) does not exist in the product space.
[ResourceManager][Thread-47] -> SEND: response(Store1, Bananas, Denied, 70dd)
[Store1] <- GET: response(Store1, Bananas, Denied, 70dd)
]]></system-out>
  </testcase>
  <testcase name="testRequestingZeroStock" classname="dk.dtu.StoreTest" time="0.025">
    <failure message="Expected denial for Requesting zero stock of Oranges, but got: Approved" type="java.lang.AssertionError"><![CDATA[java.lang.AssertionError: Expected denial for Requesting zero stock of Oranges, but got: Approved
	at org.junit.Assert.fail(Assert.java:88)
	at org.junit.Assert.assertTrue(Assert.java:41)
	at dk.dtu.StoreTest.testRequestingZeroStock(StoreTest.java:49)
	at java.base/jdk.internal.reflect.DirectMethodHandleAccessor.invoke(DirectMethodHandleAccessor.java:103)
	at java.base/java.lang.reflect.Method.invoke(Method.java:580)
	at org.junit.runners.model.FrameworkMethod$1.runReflectiveCall(FrameworkMethod.java:47)
	at org.junit.internal.runners.model.ReflectiveCallable.run(ReflectiveCallable.java:12)
	at org.junit.runners.model.FrameworkMethod.invokeExplosively(FrameworkMethod.java:44)
	at org.junit.internal.runners.statements.InvokeMethod.evaluate(InvokeMethod.java:17)
	at org.junit.internal.runners.statements.RunBefores.evaluate(RunBefores.java:26)
	at org.junit.runners.ParentRunner.runLeaf(ParentRunner.java:271)
	at org.junit.runners.BlockJUnit4ClassRunner.runChild(BlockJUnit4ClassRunner.java:70)
	at org.junit.runners.BlockJUnit4ClassRunner.runChild(BlockJUnit4ClassRunner.java:50)
	at org.junit.runners.ParentRunner$3.run(ParentRunner.java:238)
	at org.junit.runners.ParentRunner$1.schedule(ParentRunner.java:63)
	at org.junit.runners.ParentRunner.runChildren(ParentRunner.java:236)
	at org.junit.runners.ParentRunner.access$000(ParentRunner.java:53)
	at org.junit.runners.ParentRunner$2.evaluate(ParentRunner.java:229)
	at org.junit.runners.ParentRunner.run(ParentRunner.java:309)
	at org.apache.maven.surefire.junit4.JUnit4Provider.execute(JUnit4Provider.java:316)
	at org.apache.maven.surefire.junit4.JUnit4Provider.executeWithRerun(JUnit4Provider.java:240)
	at org.apache.maven.surefire.junit4.JUnit4Provider.executeTestSet(JUnit4Provider.java:214)
	at org.apache.maven.surefire.junit4.JUnit4Provider.invoke(JUnit4Provider.java:155)
	at org.apache.maven.surefire.booter.ForkedBooter.runSuitesInProcess(ForkedBooter.java:385)
	at org.apache.maven.surefire.booter.ForkedBooter.execute(ForkedBooter.java:162)
	at org.apache.maven.surefire.booter.ForkedBooter.run(ForkedBooter.java:507)
	at org.apache.maven.surefire.booter.ForkedBooter.main(ForkedBooter.java:495)
]]></failure>
    <system-out><![CDATA[[ResourceManager] Running...
[Store1] -> SEND:  request(Oranges, 0, Requesting, d236).
[ResourceManager][Thread-60] <- GET: request(Store1, Oranges, 0, Requesting, d236).
@[ResourceManager][Thread-60] start Requesting...
@[ResourceManager][Thread-60]Allocation Succeed: (Store1, Oranges, 0)
@[ResourceManager][Thread-60] Current ProductState (Store1, Oranges, 10)
[ResourceManager][Thread-60] -> SEND: response(Store1, Oranges, Approved, d236)
[Store1] <- GET: response(Store1, Oranges, Approved, d236)
]]></system-out>
  </testcase>
  <testcase name="testRestockingNewProduct" classname="dk.dtu.StoreTest" time="0.033">
    <failure message="Expected approval for Restocking new product (Bananas), but got: Approved" type="java.lang.AssertionError"><![CDATA[java.lang.AssertionError: Expected approval for Restocking new product (Bananas), but got: Approved
	at org.junit.Assert.fail(Assert.java:88)
	at org.junit.Assert.assertTrue(Assert.java:41)
	at dk.dtu.StoreTest.testRestockingNewProduct(StoreTest.java:55)
	at java.base/jdk.internal.reflect.DirectMethodHandleAccessor.invoke(DirectMethodHandleAccessor.java:103)
	at java.base/java.lang.reflect.Method.invoke(Method.java:580)
	at org.junit.runners.model.FrameworkMethod$1.runReflectiveCall(FrameworkMethod.java:47)
	at org.junit.internal.runners.model.ReflectiveCallable.run(ReflectiveCallable.java:12)
	at org.junit.runners.model.FrameworkMethod.invokeExplosively(FrameworkMethod.java:44)
	at org.junit.internal.runners.statements.InvokeMethod.evaluate(InvokeMethod.java:17)
	at org.junit.internal.runners.statements.RunBefores.evaluate(RunBefores.java:26)
	at org.junit.runners.ParentRunner.runLeaf(ParentRunner.java:271)
	at org.junit.runners.BlockJUnit4ClassRunner.runChild(BlockJUnit4ClassRunner.java:70)
	at org.junit.runners.BlockJUnit4ClassRunner.runChild(BlockJUnit4ClassRunner.java:50)
	at org.junit.runners.ParentRunner$3.run(ParentRunner.java:238)
	at org.junit.runners.ParentRunner$1.schedule(ParentRunner.java:63)
	at org.junit.runners.ParentRunner.runChildren(ParentRunner.java:236)
	at org.junit.runners.ParentRunner.access$000(ParentRunner.java:53)
	at org.junit.runners.ParentRunner$2.evaluate(ParentRunner.java:229)
	at org.junit.runners.ParentRunner.run(ParentRunner.java:309)
	at org.apache.maven.surefire.junit4.JUnit4Provider.execute(JUnit4Provider.java:316)
	at org.apache.maven.surefire.junit4.JUnit4Provider.executeWithRerun(JUnit4Provider.java:240)
	at org.apache.maven.surefire.junit4.JUnit4Provider.executeTestSet(JUnit4Provider.java:214)
	at org.apache.maven.surefire.junit4.JUnit4Provider.invoke(JUnit4Provider.java:155)
	at org.apache.maven.surefire.booter.ForkedBooter.runSuitesInProcess(ForkedBooter.java:385)
	at org.apache.maven.surefire.booter.ForkedBooter.execute(ForkedBooter.java:162)
	at org.apache.maven.surefire.booter.ForkedBooter.run(ForkedBooter.java:507)
	at org.apache.maven.surefire.booter.ForkedBooter.main(ForkedBooter.java:495)
]]></failure>
    <system-out><![CDATA[[ResourceManager] Running...
[Store1] -> SEND:  request(Bananas, 10, Restocking, cda3).
[ResourceManager][Thread-66] <- GET: request(Store1, Bananas, 10, Restocking, cda3).
@[ResourceManager][Thread-66] start Restocking...
@[ResourceManager][Thread-66]Restocking Succeed: Created(10 Bananas at Store1)
@[ResourceManager][Thread-66] Current ProductState (Store1, Bananas, 10)
[ResourceManager][Thread-66] -> SEND: response(Store1, Bananas, Approved, cda3)
[Store1] <- GET: response(Store1, Bananas, Approved, cda3)
]]></system-out>
  </testcase>
  <testcase name="testRestockingApples" classname="dk.dtu.StoreTest" time="0.009">
    <failure message="Expected approval for Restocking Apples, but got: Approved" type="java.lang.AssertionError"><![CDATA[java.lang.AssertionError: Expected approval for Restocking Apples, but got: Approved
	at org.junit.Assert.fail(Assert.java:88)
	at org.junit.Assert.assertTrue(Assert.java:41)
	at dk.dtu.StoreTest.testRestockingApples(StoreTest.java:25)
	at java.base/jdk.internal.reflect.DirectMethodHandleAccessor.invoke(DirectMethodHandleAccessor.java:103)
	at java.base/java.lang.reflect.Method.invoke(Method.java:580)
	at org.junit.runners.model.FrameworkMethod$1.runReflectiveCall(FrameworkMethod.java:47)
	at org.junit.internal.runners.model.ReflectiveCallable.run(ReflectiveCallable.java:12)
	at org.junit.runners.model.FrameworkMethod.invokeExplosively(FrameworkMethod.java:44)
	at org.junit.internal.runners.statements.InvokeMethod.evaluate(InvokeMethod.java:17)
	at org.junit.internal.runners.statements.RunBefores.evaluate(RunBefores.java:26)
	at org.junit.runners.ParentRunner.runLeaf(ParentRunner.java:271)
	at org.junit.runners.BlockJUnit4ClassRunner.runChild(BlockJUnit4ClassRunner.java:70)
	at org.junit.runners.BlockJUnit4ClassRunner.runChild(BlockJUnit4ClassRunner.java:50)
	at org.junit.runners.ParentRunner$3.run(ParentRunner.java:238)
	at org.junit.runners.ParentRunner$1.schedule(ParentRunner.java:63)
	at org.junit.runners.ParentRunner.runChildren(ParentRunner.java:236)
	at org.junit.runners.ParentRunner.access$000(ParentRunner.java:53)
	at org.junit.runners.ParentRunner$2.evaluate(ParentRunner.java:229)
	at org.junit.runners.ParentRunner.run(ParentRunner.java:309)
	at org.apache.maven.surefire.junit4.JUnit4Provider.execute(JUnit4Provider.java:316)
	at org.apache.maven.surefire.junit4.JUnit4Provider.executeWithRerun(JUnit4Provider.java:240)
	at org.apache.maven.surefire.junit4.JUnit4Provider.executeTestSet(JUnit4Provider.java:214)
	at org.apache.maven.surefire.junit4.JUnit4Provider.invoke(JUnit4Provider.java:155)
	at org.apache.maven.surefire.booter.ForkedBooter.runSuitesInProcess(ForkedBooter.java:385)
	at org.apache.maven.surefire.booter.ForkedBooter.execute(ForkedBooter.java:162)
	at org.apache.maven.surefire.booter.ForkedBooter.run(ForkedBooter.java:507)
	at org.apache.maven.surefire.booter.ForkedBooter.main(ForkedBooter.java:495)
]]></failure>
    <system-out><![CDATA[[ResourceManager] Running...
[Store1] -> SEND:  request(Apples, 10, Restocking, 66a2).
[ResourceManager][Thread-72] <- GET: request(Store1, Apples, 10, Restocking, 66a2).
@[ResourceManager][Thread-72] start Restocking...
@[ResourceManager][Thread-72] Restocking Succeed: Restocked(10 Apples at Store1)
@[ResourceManager][Thread-72] Current ProductState (Store1, Apples, 15)
[ResourceManager][Thread-72] -> SEND: response(Store1, Apples, Approved, 66a2)
[Store1] <- GET: response(Store1, Apples, Approved, 66a2)
]]></system-out>
  </testcase>
</testsuite>