<?xml version="1.0" encoding="UTF-8"?>
<testsuite xmlns:xsi="http://www.w3.org/2001/XMLSchema-instance" xsi:noNamespaceSchemaLocation="https://maven.apache.org/surefire/maven-surefire-plugin/xsd/surefire-test-report-3.0.xsd" version="3.0" name="dk.dtu.SystemFunctionalityTest" time="0.348" tests="4" errors="0" skipped="0" failures="0">
  <properties>
[...]
</properties>
  <testcase name="testStockRequestSuccess" classname="dk.dtu.SystemFunctionalityTest" time="0.235">
    <system-out><![CDATA[[Store2] -> SEND:  request(Oranges, 15, Restocking, b72c).
[Store2] <- GET: response(Store2, Oranges, Approved, b72c)
[Store2] -> SEND:  request(Oranges, 10, Requesting, 36bb).
[Store2] <- GET: response(Store2, Oranges, Approved, 36bb)
]]></system-out>
  </testcase>
  <testcase name="testInvalidRequest" classname="dk.dtu.SystemFunctionalityTest" time="0.014">
    <system-out><![CDATA[[Store4] -> SEND:  request(Apples, 100, Requesting, 59b4).
[Store4] <- GET: response(Store4, Apples, Denied, 59b4)
]]></system-out>
  </testcase>
  <testcase name="testStockRequestFailure" classname="dk.dtu.SystemFunctionalityTest" time="0.017">
    <system-out><![CDATA[[Store3] -> SEND:  request(Bananas, 5, Requesting, f2f5).
[Store3] <- GET: response(Store3, Bananas, Denied, f2f5)
]]></system-out>
  </testcase>
  <testcase name="testRestockingRequest" classname="dk.dtu.SystemFunctionalityTest" time="0.016">
    <system-out><![CDATA[[Store1] -> SEND:  request(Apples, 10, Restocking, 8b4f).
[Store1] <- GET: response(Store1, Apples, Approved, 8b4f)
]]></system-out>
  </testcase>
</testsuite>